Using pre-set license
Built from '2021.3/respin/2021.3.45f2-0da89fac8e' branch; Version is '2021.3.45f2 (88f88f591b2e) revision 8976527'; Using compiler version '192829333'; Build Type 'Release'
OS: 'Windows 11  (10.0.26200) 64bit CoreSingleLanguage' Language: 'es' Physical Memory: 32388 MB
BatchMode: 1, IsHumanControllingUs: 0, StartBugReporterOnCrash: 0, Is64bit: 1, IsPro: 1

COMMAND LINE ARGUMENTS:
C:\Program Files\Unity\Hub\Editor\2021.3.45f2\Editor\Unity.exe
-adb2
-batchMode
-noUpm
-name
AssetImportWorker10
-projectPath
C:/Users/ASUS/Shellgame
-logFile
Logs/AssetImportWorker10.log
-srvPort
58932
Successfully changed project path to: C:/Users/ASUS/Shellgame
C:/Users/ASUS/Shellgame
[UnityMemory] Configuration Parameters - Can be set up in boot.config
    "memorysetup-bucket-allocator-granularity=16"
    "memorysetup-bucket-allocator-bucket-count=8"
    "memorysetup-bucket-allocator-block-size=33554432"
    "memorysetup-bucket-allocator-block-count=8"
    "memorysetup-main-allocator-block-size=16777216"
    "memorysetup-thread-allocator-block-size=16777216"
    "memorysetup-gfx-main-allocator-block-size=16777216"
    "memorysetup-gfx-thread-allocator-block-size=16777216"
    "memorysetup-cache-allocator-block-size=4194304"
    "memorysetup-typetree-allocator-block-size=2097152"
    "memorysetup-profiler-bucket-allocator-granularity=16"
    "memorysetup-profiler-bucket-allocator-bucket-count=8"
    "memorysetup-profiler-bucket-allocator-block-size=33554432"
    "memorysetup-profiler-bucket-allocator-block-count=8"
    "memorysetup-profiler-allocator-block-size=16777216"
    "memorysetup-profiler-editor-allocator-block-size=1048576"
    "memorysetup-temp-allocator-size-main=16777216"
    "memorysetup-job-temp-allocator-block-size=2097152"
    "memorysetup-job-temp-allocator-block-size-background=1048576"
    "memorysetup-job-temp-allocator-reduction-small-platforms=262144"
    "memorysetup-temp-allocator-size-background-worker=32768"
    "memorysetup-temp-allocator-size-job-worker=262144"
    "memorysetup-temp-allocator-size-preload-manager=33554432"
    "memorysetup-temp-allocator-size-nav-mesh-worker=65536"
    "memorysetup-temp-allocator-size-audio-worker=65536"
    "memorysetup-temp-allocator-size-cloud-worker=32768"
    "memorysetup-temp-allocator-size-gi-baking-worker=262144"
    "memorysetup-temp-allocator-size-gfx=262144"
Player connection [25228] Host "[IP] 192.168.20.28 [Port] 0 [Flags] 2 [Guid] 3389199079 [EditorId] 3389199079 [Version] 1048832 [Id] WindowsEditor(7,DESKTOP-2F1I0EJ) [Debug] 1 [PackageName] WindowsEditor [ProjectName] Editor" joined multi-casting on [225.0.0.222:54997]...

Player connection [25228] Host "[IP] 192.168.20.28 [Port] 0 [Flags] 2 [Guid] 3389199079 [EditorId] 3389199079 [Version] 1048832 [Id] WindowsEditor(7,DESKTOP-2F1I0EJ) [Debug] 1 [PackageName] WindowsEditor [ProjectName] Editor" joined alternative multi-casting on [225.0.0.222:34997]...

[Physics::Module] Initialized MultithreadedJobDispatcher with {0} workers.
Refreshing native plugins compatible for Editor in 34.32 ms, found 3 plugins.
Preloading 0 native plugins for Editor in 0.00 ms.
Initialize engine version: 2021.3.45f2 (88f88f591b2e)
[Subsystems] Discovering subsystems at path C:/Program Files/Unity/Hub/Editor/2021.3.45f2/Editor/Data/Resources/UnitySubsystems
[Subsystems] Discovering subsystems at path C:/Users/ASUS/Shellgame/Assets
GfxDevice: creating device client; threaded=0; jobified=0
Direct3D:
    Version:  Direct3D 11.0 [level 11.1]
    Renderer: NVIDIA GeForce RTX 3050 Laptop GPU (ID=0x25a2)
    Vendor:   NVIDIA
    VRAM:     3964 MB
    Driver:   32.0.15.7680
Initialize mono
Mono path[0] = 'C:/Program Files/Unity/Hub/Editor/2021.3.45f2/Editor/Data/Managed'
Mono path[1] = 'C:/Program Files/Unity/Hub/Editor/2021.3.45f2/Editor/Data/MonoBleedingEdge/lib/mono/unityjit-win32'
Mono config path = 'C:/Program Files/Unity/Hub/Editor/2021.3.45f2/Editor/Data/MonoBleedingEdge/etc'
Using monoOptions --debugger-agent=transport=dt_socket,embedding=1,server=y,suspend=n,address=127.0.0.1:56248
Begin MonoManager ReloadAssembly
Registering precompiled unity dll's ...
Register platform support module: C:/Program Files/Unity/Hub/Editor/2021.3.45f2/Editor/Data/PlaybackEngines/WebGLSupport/UnityEditor.WebGL.Extensions.dll
Register platform support module: C:/Program Files/Unity/Hub/Editor/2021.3.45f2/Editor/Data/PlaybackEngines/WindowsStandaloneSupport/UnityEditor.WindowsStandalone.Extensions.dll
Registered in 0.002819 seconds.
Native extension for WindowsStandalone target not found
Native extension for WebGL target not found
Refreshing native plugins compatible for Editor in 33.63 ms, found 3 plugins.
Preloading 0 native plugins for Editor in 0.00 ms.
Mono: successfully reloaded assembly
- Completed reload, in  0.435 seconds
Domain Reload Profiling:
	ReloadAssembly (435ms)
		BeginReloadAssembly (72ms)
			ExecutionOrderSort (0ms)
			DisableScriptedObjects (0ms)
			BackupInstance (0ms)
			ReleaseScriptingObjects (0ms)
			CreateAndSetChildDomain (1ms)
		EndReloadAssembly (296ms)
			LoadAssemblies (71ms)
			RebuildTransferFunctionScriptingTraits (0ms)
			SetupTypeCache (75ms)
			ReleaseScriptCaches (0ms)
			RebuildScriptCaches (21ms)
			SetupLoadedEditorAssemblies (171ms)
				LogAssemblyErrors (0ms)
				InitializePlatformSupportModulesInManaged (7ms)
				SetLoadedEditorAssemblies (0ms)
				RefreshPlugins (34ms)
				BeforeProcessingInitializeOnLoad (1ms)
				ProcessInitializeOnLoadAttributes (94ms)
				ProcessInitializeOnLoadMethodAttributes (35ms)
				AfterProcessingInitializeOnLoad (0ms)
				EditorAssembliesLoaded (0ms)
			ExecutionOrderSort2 (0ms)
			AwakeInstancesAfterBackupRestoration (0ms)
Platform modules already initialized, skipping
Registering precompiled user dll's ...
Registered in 0.003200 seconds.
Begin MonoManager ReloadAssembly
Native extension for WindowsStandalone target not found
Native extension for WebGL target not found
Refreshing native plugins compatible for Editor in 0.41 ms, found 3 plugins.
Preloading 0 native plugins for Editor in 0.00 ms.
Package Manager log level set to [2]
[Package Manager] Server::EnsureServerProcessIsRunning -- launch failed, reason: Unity was launched with the -noUpm command-line argument
[Package Manager] Cannot connect to Unity Package Manager local server
Mono: successfully reloaded assembly
- Completed reload, in  1.091 seconds
Domain Reload Profiling:
	ReloadAssembly (1091ms)
		BeginReloadAssembly (94ms)
			ExecutionOrderSort (0ms)
			DisableScriptedObjects (4ms)
			BackupInstance (0ms)
			ReleaseScriptingObjects (0ms)
			CreateAndSetChildDomain (14ms)
		EndReloadAssembly (926ms)
			LoadAssemblies (76ms)
			RebuildTransferFunctionScriptingTraits (0ms)
			SetupTypeCache (182ms)
			ReleaseScriptCaches (0ms)
			RebuildScriptCaches (34ms)
			SetupLoadedEditorAssemblies (628ms)
				LogAssemblyErrors (0ms)
				InitializePlatformSupportModulesInManaged (4ms)
				SetLoadedEditorAssemblies (0ms)
				RefreshPlugins (0ms)
				BeforeProcessingInitializeOnLoad (40ms)
				ProcessInitializeOnLoadAttributes (565ms)
				ProcessInitializeOnLoadMethodAttributes (14ms)
				AfterProcessingInitializeOnLoad (3ms)
				EditorAssembliesLoaded (0ms)
			ExecutionOrderSort2 (0ms)
			AwakeInstancesAfterBackupRestoration (4ms)
Platform modules already initialized, skipping
========================================================================
Worker process is ready to serve import requests
Launched and connected shader compiler UnityShaderCompiler.exe after 0.05 seconds
Refreshing native plugins compatible for Editor in 0.59 ms, found 3 plugins.
Preloading 0 native plugins for Editor in 0.00 ms.
Unloading 3106 Unused Serialized files (Serialized files now loaded: 0)
Unloading 24 unused Assets / (46.6 KB). Loaded Objects now: 3580.
Memory consumption went from 121.9 MB to 121.8 MB.
Total: 3.405300 ms (FindLiveObjects: 0.231400 ms CreateObjectMapping: 0.144100 ms MarkObjects: 2.917500 ms  DeleteObjects: 0.110700 ms)

AssetImportParameters requested are different than current active one (requested -> active):
  custom:video-decoder-ogg-theora: a1e56fd34408186e4bbccfd4996cb3dc -> 
  custom:container-muxer-webm: aa71ff27fc2769a1b78a27578f13a17b -> 
  custom:container-demuxer-webm: 4f35f7cbe854078d1ac9338744f61a02 -> 
  custom:video-encoder-webm-vp8: eb34c28f22e8b96e1ab97ce403110664 -> 
  custom:video-codec-MediaFoundation-h265: 746d11721c4dcdbdad8f713fa42b33f4 -> 
  custom:CustomObjectIndexerAttribute: bc11b3a6c3213fcdd17b65e7da85e133 -> 
  custom:audio-encoder-webm-vorbis: bf7c407c2cedff20999df2af8eb42d56 -> 
  custom:framework-win-MediaFoundation: 216162199b28c13a410421893ffa2e32 -> 
  custom:SearchIndexIgnoredProperties: e643bd26f0fe6173181afceb89e7c659 -> 
  custom:container-demuxer-ogg: 62fdf1f143b41e24485cea50d1cbac27 -> 
  custom:video-decoder-webm-vp8: 9c59270c3fd7afecdb556c50c9e8de78 -> 
  custom:audio-decoder-ogg-vorbis: bf7c407c2cedff20999df2af8eb42d56 -> 
========================================================================
Received Import Request.
  Time since last request: 54588.655262 seconds.
  path: Assets/LiquidFire Package 4 - BSH games/Devtoid - Gold Coins/3D Assets/Copper Coin - Single/Material/Copper Coin - Single.mat
  artifactKey: Guid(18b990ada69320241851d6392bb4e215) Importer(815301076,1909f56bfc062723c751e8b465ee728b)
Number of updated assets reloaded before import = 0
Start importing Assets/LiquidFire Package 4 - BSH games/Devtoid - Gold Coins/3D Assets/Copper Coin - Single/Material/Copper Coin - Single.mat using Guid(18b990ada69320241851d6392bb4e215) Importer(815301076,1909f56bfc062723c751e8b465ee728b)  -> (artifact id: 'efed87eb1482d7bffef85d70d4ca128e') in 0.298272 seconds 
Number of asset objects unloaded after import = 4
========================================================================
Received Import Request.
  Time since last request: 0.466048 seconds.
  path: Assets/RPG Monster DUO PBR Polyart/Animations/TurtleShell/Attack01_TurtleShell_Anim.fbx
  artifactKey: Guid(832e69c20e884e0790dae5ee86441a63) Importer(815301076,1909f56bfc062723c751e8b465ee728b)
Number of updated assets reloaded before import = 0
Start importing Assets/RPG Monster DUO PBR Polyart/Animations/TurtleShell/Attack01_TurtleShell_Anim.fbx using Guid(832e69c20e884e0790dae5ee86441a63) Importer(815301076,1909f56bfc062723c751e8b465ee728b)  -> (artifact id: '28fd8158abd4fb2b1da67bf8401ac01b') in 0.124066 seconds 
Number of asset objects unloaded after import = 71
========================================================================
Received Import Request.
  Time since last request: 0.000020 seconds.
  path: Assets/RPG Monster DUO PBR Polyart/Meshes/SlimeMesh.fbx
  artifactKey: Guid(6520c6d7889f4c72b416f07f34edd515) Importer(815301076,1909f56bfc062723c751e8b465ee728b)
Number of updated assets reloaded before import = 0
Start importing Assets/RPG Monster DUO PBR Polyart/Meshes/SlimeMesh.fbx using Guid(6520c6d7889f4c72b416f07f34edd515) Importer(815301076,1909f56bfc062723c751e8b465ee728b)  -> (artifact id: '7341998a8f5cd15825257d95a4113138') in 0.072494 seconds 
Number of asset objects unloaded after import = 30
========================================================================
Received Import Request.
  Time since last request: 0.000016 seconds.
  path: Assets/LiquidFire Package 4 - BSH games/Devtoid - Gold Coins/3D Assets/Silver Coin - Single/Mesh/SilverCoin.fbx
  artifactKey: Guid(f576fcca16564b34390813d3bcc9074e) Importer(815301076,1909f56bfc062723c751e8b465ee728b)
Number of updated assets reloaded before import = 0
Start importing Assets/LiquidFire Package 4 - BSH games/Devtoid - Gold Coins/3D Assets/Silver Coin - Single/Mesh/SilverCoin.fbx using Guid(f576fcca16564b34390813d3bcc9074e) Importer(815301076,1909f56bfc062723c751e8b465ee728b)  -> (artifact id: '71579edb05ea527714b841a3620affd8') in 0.076455 seconds 
Number of asset objects unloaded after import = 10
========================================================================
Received Import Request.
  Time since last request: 0.000035 seconds.
  path: Assets/RPG Monster DUO PBR Polyart/Animations/TurtleShell/Defend_TurtleShell_Anim.fbx
  artifactKey: Guid(65b444fa8fd14c1c9fd5a23ee91ccb72) Importer(815301076,1909f56bfc062723c751e8b465ee728b)
Number of updated assets reloaded before import = 0
Start importing Assets/RPG Monster DUO PBR Polyart/Animations/TurtleShell/Defend_TurtleShell_Anim.fbx using Guid(65b444fa8fd14c1c9fd5a23ee91ccb72) Importer(815301076,1909f56bfc062723c751e8b465ee728b)  -> (artifact id: 'f4be1b9da745543f73e4453f4ce55cdf') in 0.070869 seconds 
Number of asset objects unloaded after import = 71
========================================================================
Received Import Request.
  Time since last request: 0.000019 seconds.
  path: Assets/RPG Monster DUO PBR Polyart/Animations/Slime/Taunt_Slime_Anim.fbx
  artifactKey: Guid(3a16534b4b074acc99be2eec5ca12eeb) Importer(815301076,1909f56bfc062723c751e8b465ee728b)
Number of updated assets reloaded before import = 0
Start importing Assets/RPG Monster DUO PBR Polyart/Animations/Slime/Taunt_Slime_Anim.fbx using Guid(3a16534b4b074acc99be2eec5ca12eeb) Importer(815301076,1909f56bfc062723c751e8b465ee728b)  -> (artifact id: 'e5998e06cf1951035084cb9b164c9747') in 0.043847 seconds 
Number of asset objects unloaded after import = 31
========================================================================
Received Import Request.
  Time since last request: 0.000022 seconds.
  path: Assets/RPG Monster DUO PBR Polyart/Animations/TurtleShell/Run_TurtleShell_Anim.fbx
  artifactKey: Guid(60dd7ef4512a4404896e945d3004f2b6) Importer(815301076,1909f56bfc062723c751e8b465ee728b)
Number of updated assets reloaded before import = 0
Start importing Assets/RPG Monster DUO PBR Polyart/Animations/TurtleShell/Run_TurtleShell_Anim.fbx using Guid(60dd7ef4512a4404896e945d3004f2b6) Importer(815301076,1909f56bfc062723c751e8b465ee728b)  -> (artifact id: 'af5510abf5ff0269e8acd4575fd7823a') in 0.042554 seconds 
Number of asset objects unloaded after import = 71
========================================================================
Received Import Request.
  Time since last request: 0.000022 seconds.
  path: Assets/RPG Monster DUO PBR Polyart/Meshes/StageMesh.fbx
  artifactKey: Guid(b81abefeba724bd89c755de785efd017) Importer(815301076,1909f56bfc062723c751e8b465ee728b)
Number of updated assets reloaded before import = 0
Start importing Assets/RPG Monster DUO PBR Polyart/Meshes/StageMesh.fbx using Guid(b81abefeba724bd89c755de785efd017) Importer(815301076,1909f56bfc062723c751e8b465ee728b)  -> (artifact id: '2b9cbbf170fd14f4fc78e46d25c1da52') in 0.038493 seconds 
Number of asset objects unloaded after import = 7
========================================================================
Received Import Request.
  Time since last request: 2.406193 seconds.
  path: Assets/RPG Monster DUO PBR Polyart/Meshes/TurtleShellPolyartMesh.fbx
  artifactKey: Guid(942e6d5330e147fe84c5ab6ab2193ca1) Importer(815301076,1909f56bfc062723c751e8b465ee728b)
Number of updated assets reloaded before import = 0
Start importing Assets/RPG Monster DUO PBR Polyart/Meshes/TurtleShellPolyartMesh.fbx using Guid(942e6d5330e147fe84c5ab6ab2193ca1) Importer(815301076,1909f56bfc062723c751e8b465ee728b)  -> (artifact id: 'd5c0499fa7fea6a46d0d606e9684b49f') in 0.066922 seconds 
Number of asset objects unloaded after import = 70
========================================================================
Received Import Request.
  Time since last request: 0.000021 seconds.
  path: Assets/RPG Monster DUO PBR Polyart/Animations/TurtleShell/WalkLeft_TurtleShell_Anim.fbx
  artifactKey: Guid(fc293ba79aa94a5fa823e89ea330ec59) Importer(815301076,1909f56bfc062723c751e8b465ee728b)
Number of updated assets reloaded before import = 0
Start importing Assets/RPG Monster DUO PBR Polyart/Animations/TurtleShell/WalkLeft_TurtleShell_Anim.fbx using Guid(fc293ba79aa94a5fa823e89ea330ec59) Importer(815301076,1909f56bfc062723c751e8b465ee728b)  -> (artifact id: '513a30557d5a27184d1983e8af17abfe') in 0.072806 seconds 
Number of asset objects unloaded after import = 71
========================================================================
Received Import Request.
  Time since last request: 0.000028 seconds.
  path: Assets/RPG Monster DUO PBR Polyart/Animations/Slime/Walk_Slime_Anim.fbx
  artifactKey: Guid(5b283b002bf74fc4b827cc4e67b99155) Importer(815301076,1909f56bfc062723c751e8b465ee728b)
Number of updated assets reloaded before import = 0
Start importing Assets/RPG Monster DUO PBR Polyart/Animations/Slime/Walk_Slime_Anim.fbx using Guid(5b283b002bf74fc4b827cc4e67b99155) Importer(815301076,1909f56bfc062723c751e8b465ee728b)  -> (artifact id: '465f37f148d8738a97807c584f47efd8') in 0.069388 seconds 
Number of asset objects unloaded after import = 31
========================================================================
Received Import Request.
  Time since last request: 15.442268 seconds.
  path: Assets/AllSkyFree/_AllSkyFreeDemoEnvironment/Materials/rock.mat
  artifactKey: Guid(51dc696c8ce2945ce968026f5776ca52) Importer(815301076,1909f56bfc062723c751e8b465ee728b)
Number of updated assets reloaded before import = 0
Start importing Assets/AllSkyFree/_AllSkyFreeDemoEnvironment/Materials/rock.mat using Guid(51dc696c8ce2945ce968026f5776ca52) Importer(815301076,1909f56bfc062723c751e8b465ee728b)  -> (artifact id: 'f12a80e85c1b0928fc099c5b7fe3ae2c') in 0.048383 seconds 
Number of asset objects unloaded after import = 1
Editor requested this worker to shutdown with reason: Scaling down because of idle timeout
AssetImportWorkerClient::OnTransportError - code=2 error=End of file
AssetImportWorker is now disconnected from the server
Process exiting
Exiting without the bug reporter. Application will terminate with return code 0