Using pre-set license
Built from '2021.3/respin/2021.3.45f2-0da89fac8e' branch; Version is '2021.3.45f2 (88f88f591b2e) revision 8976527'; Using compiler version '192829333'; Build Type 'Release'
OS: 'Windows 11  (10.0.26200) 64bit CoreSingleLanguage' Language: 'es' Physical Memory: 32388 MB
BatchMode: 1, IsHumanControllingUs: 0, StartBugReporterOnCrash: 0, Is64bit: 1, IsPro: 1

COMMAND LINE ARGUMENTS:
C:\Program Files\Unity\Hub\Editor\2021.3.45f2\Editor\Unity.exe
-adb2
-batchMode
-noUpm
-name
AssetImportWorker9
-projectPath
C:/Users/ASUS/Shellgame
-logFile
Logs/AssetImportWorker9.log
-srvPort
58932
Successfully changed project path to: C:/Users/ASUS/Shellgame
C:/Users/ASUS/Shellgame
[UnityMemory] Configuration Parameters - Can be set up in boot.config
    "memorysetup-bucket-allocator-granularity=16"
    "memorysetup-bucket-allocator-bucket-count=8"
    "memorysetup-bucket-allocator-block-size=33554432"
    "memorysetup-bucket-allocator-block-count=8"
    "memorysetup-main-allocator-block-size=16777216"
    "memorysetup-thread-allocator-block-size=16777216"
    "memorysetup-gfx-main-allocator-block-size=16777216"
    "memorysetup-gfx-thread-allocator-block-size=16777216"
    "memorysetup-cache-allocator-block-size=4194304"
    "memorysetup-typetree-allocator-block-size=2097152"
    "memorysetup-profiler-bucket-allocator-granularity=16"
    "memorysetup-profiler-bucket-allocator-bucket-count=8"
    "memorysetup-profiler-bucket-allocator-block-size=33554432"
    "memorysetup-profiler-bucket-allocator-block-count=8"
    "memorysetup-profiler-allocator-block-size=16777216"
    "memorysetup-profiler-editor-allocator-block-size=1048576"
    "memorysetup-temp-allocator-size-main=16777216"
    "memorysetup-job-temp-allocator-block-size=2097152"
    "memorysetup-job-temp-allocator-block-size-background=1048576"
    "memorysetup-job-temp-allocator-reduction-small-platforms=262144"
    "memorysetup-temp-allocator-size-background-worker=32768"
    "memorysetup-temp-allocator-size-job-worker=262144"
    "memorysetup-temp-allocator-size-preload-manager=33554432"
    "memorysetup-temp-allocator-size-nav-mesh-worker=65536"
    "memorysetup-temp-allocator-size-audio-worker=65536"
    "memorysetup-temp-allocator-size-cloud-worker=32768"
    "memorysetup-temp-allocator-size-gi-baking-worker=262144"
    "memorysetup-temp-allocator-size-gfx=262144"
Player connection [25188] Host "[IP] 192.168.20.28 [Port] 0 [Flags] 2 [Guid] 3090079568 [EditorId] 3090079568 [Version] 1048832 [Id] WindowsEditor(7,DESKTOP-2F1I0EJ) [Debug] 1 [PackageName] WindowsEditor [ProjectName] Editor" joined multi-casting on [225.0.0.222:54997]...

Player connection [25188] Host "[IP] 192.168.20.28 [Port] 0 [Flags] 2 [Guid] 3090079568 [EditorId] 3090079568 [Version] 1048832 [Id] WindowsEditor(7,DESKTOP-2F1I0EJ) [Debug] 1 [PackageName] WindowsEditor [ProjectName] Editor" joined alternative multi-casting on [225.0.0.222:34997]...

[Physics::Module] Initialized MultithreadedJobDispatcher with {0} workers.
Refreshing native plugins compatible for Editor in 34.14 ms, found 3 plugins.
Preloading 0 native plugins for Editor in 0.00 ms.
Initialize engine version: 2021.3.45f2 (88f88f591b2e)
[Subsystems] Discovering subsystems at path C:/Program Files/Unity/Hub/Editor/2021.3.45f2/Editor/Data/Resources/UnitySubsystems
[Subsystems] Discovering subsystems at path C:/Users/ASUS/Shellgame/Assets
GfxDevice: creating device client; threaded=0; jobified=0
Direct3D:
    Version:  Direct3D 11.0 [level 11.1]
    Renderer: NVIDIA GeForce RTX 3050 Laptop GPU (ID=0x25a2)
    Vendor:   NVIDIA
    VRAM:     3964 MB
    Driver:   32.0.15.7680
Initialize mono
Mono path[0] = 'C:/Program Files/Unity/Hub/Editor/2021.3.45f2/Editor/Data/Managed'
Mono path[1] = 'C:/Program Files/Unity/Hub/Editor/2021.3.45f2/Editor/Data/MonoBleedingEdge/lib/mono/unityjit-win32'
Mono config path = 'C:/Program Files/Unity/Hub/Editor/2021.3.45f2/Editor/Data/MonoBleedingEdge/etc'
Using monoOptions --debugger-agent=transport=dt_socket,embedding=1,server=y,suspend=n,address=127.0.0.1:56880
Begin MonoManager ReloadAssembly
Registering precompiled unity dll's ...
Register platform support module: C:/Program Files/Unity/Hub/Editor/2021.3.45f2/Editor/Data/PlaybackEngines/WebGLSupport/UnityEditor.WebGL.Extensions.dll
Register platform support module: C:/Program Files/Unity/Hub/Editor/2021.3.45f2/Editor/Data/PlaybackEngines/WindowsStandaloneSupport/UnityEditor.WindowsStandalone.Extensions.dll
Registered in 0.002691 seconds.
Native extension for WindowsStandalone target not found
Native extension for WebGL target not found
Refreshing native plugins compatible for Editor in 33.61 ms, found 3 plugins.
Preloading 0 native plugins for Editor in 0.00 ms.
Mono: successfully reloaded assembly
- Completed reload, in  0.429 seconds
Domain Reload Profiling:
	ReloadAssembly (430ms)
		BeginReloadAssembly (70ms)
			ExecutionOrderSort (0ms)
			DisableScriptedObjects (0ms)
			BackupInstance (0ms)
			ReleaseScriptingObjects (0ms)
			CreateAndSetChildDomain (1ms)
		EndReloadAssembly (293ms)
			LoadAssemblies (69ms)
			RebuildTransferFunctionScriptingTraits (0ms)
			SetupTypeCache (74ms)
			ReleaseScriptCaches (0ms)
			RebuildScriptCaches (20ms)
			SetupLoadedEditorAssemblies (170ms)
				LogAssemblyErrors (0ms)
				InitializePlatformSupportModulesInManaged (6ms)
				SetLoadedEditorAssemblies (0ms)
				RefreshPlugins (34ms)
				BeforeProcessingInitializeOnLoad (1ms)
				ProcessInitializeOnLoadAttributes (94ms)
				ProcessInitializeOnLoadMethodAttributes (35ms)
				AfterProcessingInitializeOnLoad (0ms)
				EditorAssembliesLoaded (0ms)
			ExecutionOrderSort2 (0ms)
			AwakeInstancesAfterBackupRestoration (0ms)
Platform modules already initialized, skipping
Registering precompiled user dll's ...
Registered in 0.003495 seconds.
Begin MonoManager ReloadAssembly
Native extension for WindowsStandalone target not found
Native extension for WebGL target not found
Refreshing native plugins compatible for Editor in 0.40 ms, found 3 plugins.
Preloading 0 native plugins for Editor in 0.00 ms.
Package Manager log level set to [2]
[Package Manager] Server::EnsureServerProcessIsRunning -- launch failed, reason: Unity was launched with the -noUpm command-line argument
[Package Manager] Cannot connect to Unity Package Manager local server
Mono: successfully reloaded assembly
- Completed reload, in  1.105 seconds
Domain Reload Profiling:
	ReloadAssembly (1106ms)
		BeginReloadAssembly (92ms)
			ExecutionOrderSort (0ms)
			DisableScriptedObjects (4ms)
			BackupInstance (0ms)
			ReleaseScriptingObjects (0ms)
			CreateAndSetChildDomain (14ms)
		EndReloadAssembly (942ms)
			LoadAssemblies (77ms)
			RebuildTransferFunctionScriptingTraits (0ms)
			SetupTypeCache (185ms)
			ReleaseScriptCaches (0ms)
			RebuildScriptCaches (37ms)
			SetupLoadedEditorAssemblies (635ms)
				LogAssemblyErrors (0ms)
				InitializePlatformSupportModulesInManaged (4ms)
				SetLoadedEditorAssemblies (0ms)
				RefreshPlugins (0ms)
				BeforeProcessingInitializeOnLoad (42ms)
				ProcessInitializeOnLoadAttributes (571ms)
				ProcessInitializeOnLoadMethodAttributes (14ms)
				AfterProcessingInitializeOnLoad (3ms)
				EditorAssembliesLoaded (0ms)
			ExecutionOrderSort2 (0ms)
			AwakeInstancesAfterBackupRestoration (4ms)
Platform modules already initialized, skipping
========================================================================
Worker process is ready to serve import requests
Launched and connected shader compiler UnityShaderCompiler.exe after 0.04 seconds
Refreshing native plugins compatible for Editor in 0.77 ms, found 3 plugins.
Preloading 0 native plugins for Editor in 0.00 ms.
Unloading 3106 Unused Serialized files (Serialized files now loaded: 0)
Unloading 24 unused Assets / (47.0 KB). Loaded Objects now: 3580.
Memory consumption went from 121.9 MB to 121.9 MB.
Total: 3.565100 ms (FindLiveObjects: 0.236800 ms CreateObjectMapping: 0.169300 ms MarkObjects: 2.846400 ms  DeleteObjects: 0.311400 ms)

AssetImportParameters requested are different than current active one (requested -> active):
  custom:video-decoder-ogg-theora: a1e56fd34408186e4bbccfd4996cb3dc -> 
  custom:container-muxer-webm: aa71ff27fc2769a1b78a27578f13a17b -> 
  custom:container-demuxer-webm: 4f35f7cbe854078d1ac9338744f61a02 -> 
  custom:video-encoder-webm-vp8: eb34c28f22e8b96e1ab97ce403110664 -> 
  custom:video-codec-MediaFoundation-h265: 746d11721c4dcdbdad8f713fa42b33f4 -> 
  custom:CustomObjectIndexerAttribute: bc11b3a6c3213fcdd17b65e7da85e133 -> 
  custom:audio-encoder-webm-vorbis: bf7c407c2cedff20999df2af8eb42d56 -> 
  custom:framework-win-MediaFoundation: 216162199b28c13a410421893ffa2e32 -> 
  custom:SearchIndexIgnoredProperties: e643bd26f0fe6173181afceb89e7c659 -> 
  custom:container-demuxer-ogg: 62fdf1f143b41e24485cea50d1cbac27 -> 
  custom:video-decoder-webm-vp8: 9c59270c3fd7afecdb556c50c9e8de78 -> 
  custom:audio-decoder-ogg-vorbis: bf7c407c2cedff20999df2af8eb42d56 -> 
========================================================================
Received Import Request.
  Time since last request: 54589.422605 seconds.
  path: Assets/RPG Monster DUO PBR Polyart/Animations/TurtleShell/Attack02_TurtleShell_Anim.fbx
  artifactKey: Guid(38db71b772e940b791a0d173406cbb04) Importer(815301076,1909f56bfc062723c751e8b465ee728b)
Number of updated assets reloaded before import = 0
Start importing Assets/RPG Monster DUO PBR Polyart/Animations/TurtleShell/Attack02_TurtleShell_Anim.fbx using Guid(38db71b772e940b791a0d173406cbb04) Importer(815301076,1909f56bfc062723c751e8b465ee728b)  -> (artifact id: '4d195ffb69d82030d4bb9a7ab9ecedf2') in 0.207997 seconds 
Number of asset objects unloaded after import = 71
========================================================================
Received Import Request.
  Time since last request: 0.000035 seconds.
  path: Assets/RPG Monster DUO PBR Polyart/Meshes/SlimePolyartMesh.fbx
  artifactKey: Guid(56fc0b4f7d154039a7099564596a545b) Importer(815301076,1909f56bfc062723c751e8b465ee728b)
Number of updated assets reloaded before import = 0
Start importing Assets/RPG Monster DUO PBR Polyart/Meshes/SlimePolyartMesh.fbx using Guid(56fc0b4f7d154039a7099564596a545b) Importer(815301076,1909f56bfc062723c751e8b465ee728b)  -> (artifact id: '3c05f3a3aab218b5a9e650cfe810b2ac') in 0.065410 seconds 
Number of asset objects unloaded after import = 30
========================================================================
Received Import Request.
  Time since last request: 0.000031 seconds.
  path: Assets/LiquidFire Package 4 - BSH games/Devtoid - Gold Coins/3D Assets/Copper Coin - Single/Mesh/CopperCoin.fbx
  artifactKey: Guid(24071304340076549a2e49390b69cdec) Importer(815301076,1909f56bfc062723c751e8b465ee728b)
Number of updated assets reloaded before import = 0
Start importing Assets/LiquidFire Package 4 - BSH games/Devtoid - Gold Coins/3D Assets/Copper Coin - Single/Mesh/CopperCoin.fbx using Guid(24071304340076549a2e49390b69cdec) Importer(815301076,1909f56bfc062723c751e8b465ee728b)  -> (artifact id: 'c083ce894ec81bf65c0803320380bff7') in 0.064944 seconds 
Number of asset objects unloaded after import = 10
========================================================================
Received Import Request.
  Time since last request: 0.000019 seconds.
  path: Assets/RPG Monster DUO PBR Polyart/Animations/TurtleShell/SenseSomethingStart_TurtleShell_Anim.fbx
  artifactKey: Guid(d005e95bf0134a26ad4ed5c5b36201ce) Importer(815301076,1909f56bfc062723c751e8b465ee728b)
Number of updated assets reloaded before import = 0
Start importing Assets/RPG Monster DUO PBR Polyart/Animations/TurtleShell/SenseSomethingStart_TurtleShell_Anim.fbx using Guid(d005e95bf0134a26ad4ed5c5b36201ce) Importer(815301076,1909f56bfc062723c751e8b465ee728b)  -> (artifact id: '6b34e67dfc7dfc3dfc32e6c2d9cd9626') in 0.039295 seconds 
Number of asset objects unloaded after import = 71
========================================================================
Received Import Request.
  Time since last request: 0.000023 seconds.
  path: Assets/RPG Monster DUO PBR Polyart/Animations/TurtleShell/DefendHit_TurtleShell_Anim.fbx
  artifactKey: Guid(f905c892a0744e17b0a91522be197c67) Importer(815301076,1909f56bfc062723c751e8b465ee728b)
Number of updated assets reloaded before import = 0
Start importing Assets/RPG Monster DUO PBR Polyart/Animations/TurtleShell/DefendHit_TurtleShell_Anim.fbx using Guid(f905c892a0744e17b0a91522be197c67) Importer(815301076,1909f56bfc062723c751e8b465ee728b)  -> (artifact id: '0b0852e377bb53ac4b844dac58260dcb') in 0.047258 seconds 
Number of asset objects unloaded after import = 71
========================================================================
Received Import Request.
  Time since last request: 0.000058 seconds.
  path: Assets/RPG Monster DUO PBR Polyart/Animations/TurtleShell/GetHit_TurtleShell_Anim.fbx
  artifactKey: Guid(ee7bb9ee4f2544619d907133f41c9fc1) Importer(815301076,1909f56bfc062723c751e8b465ee728b)
Number of updated assets reloaded before import = 0
Start importing Assets/RPG Monster DUO PBR Polyart/Animations/TurtleShell/GetHit_TurtleShell_Anim.fbx using Guid(ee7bb9ee4f2544619d907133f41c9fc1) Importer(815301076,1909f56bfc062723c751e8b465ee728b)  -> (artifact id: 'fbd7e307db4fd817956792b9f7035f85') in 0.043546 seconds 
Number of asset objects unloaded after import = 71
========================================================================
Received Import Request.
  Time since last request: 0.000027 seconds.
  path: Assets/RPG Monster DUO PBR Polyart/Animations/TurtleShell/Taunt_TurtleShell_Anim.fbx
  artifactKey: Guid(04810a4318d746d39ffa6c64084ca93a) Importer(815301076,1909f56bfc062723c751e8b465ee728b)
Number of updated assets reloaded before import = 0
Start importing Assets/RPG Monster DUO PBR Polyart/Animations/TurtleShell/Taunt_TurtleShell_Anim.fbx using Guid(04810a4318d746d39ffa6c64084ca93a) Importer(815301076,1909f56bfc062723c751e8b465ee728b)  -> (artifact id: '90e4c3b1018b98573ced91b7a67d67aa') in 0.038805 seconds 
Number of asset objects unloaded after import = 71
========================================================================
Received Import Request.
  Time since last request: 2.372194 seconds.
  path: Assets/RPG Monster DUO PBR Polyart/Animations/TurtleShell/Victory_TurtleShell_Anim.fbx
  artifactKey: Guid(e80217b862954c6fb42b39ddd149cf64) Importer(815301076,1909f56bfc062723c751e8b465ee728b)
Number of updated assets reloaded before import = 0
Start importing Assets/RPG Monster DUO PBR Polyart/Animations/TurtleShell/Victory_TurtleShell_Anim.fbx using Guid(e80217b862954c6fb42b39ddd149cf64) Importer(815301076,1909f56bfc062723c751e8b465ee728b)  -> (artifact id: 'ea0c0e46b5dca08d249446ebc18b1803') in 0.061969 seconds 
Number of asset objects unloaded after import = 71
========================================================================
Received Import Request.
  Time since last request: 0.000016 seconds.
  path: Assets/RPG Monster DUO PBR Polyart/Animations/Slime/WalkLeft_Slime_Anim.fbx
  artifactKey: Guid(4f0bc31a941d479d89108cd15f84f761) Importer(815301076,1909f56bfc062723c751e8b465ee728b)
Number of updated assets reloaded before import = 0
Start importing Assets/RPG Monster DUO PBR Polyart/Animations/Slime/WalkLeft_Slime_Anim.fbx using Guid(4f0bc31a941d479d89108cd15f84f761) Importer(815301076,1909f56bfc062723c751e8b465ee728b)  -> (artifact id: '655ad4f4d3f0aa846e81e70d1f8d1cad') in 0.075529 seconds 
Number of asset objects unloaded after import = 31
========================================================================
Received Import Request.
  Time since last request: 0.000017 seconds.
  path: Assets/RPG Monster DUO PBR Polyart/Animations/Slime/WalkBack_Slime_Anim.fbx
  artifactKey: Guid(1707f5753277428e8aeacdb11004a50b) Importer(815301076,1909f56bfc062723c751e8b465ee728b)
Number of updated assets reloaded before import = 0
Start importing Assets/RPG Monster DUO PBR Polyart/Animations/Slime/WalkBack_Slime_Anim.fbx using Guid(1707f5753277428e8aeacdb11004a50b) Importer(815301076,1909f56bfc062723c751e8b465ee728b)  -> (artifact id: '76c5e7ac43f8ec4f226aa0925ab88dad') in 0.069697 seconds 
Number of asset objects unloaded after import = 31
========================================================================
Received Import Request.
  Time since last request: 15.439793 seconds.
  path: Assets/AllSkyFree/_AllSkyFreeDemoEnvironment/Materials/TreeTrunk.mat
  artifactKey: Guid(2f225ce8f2fae4ea3b08c9298a6f25e4) Importer(815301076,1909f56bfc062723c751e8b465ee728b)
Number of updated assets reloaded before import = 0
Start importing Assets/AllSkyFree/_AllSkyFreeDemoEnvironment/Materials/TreeTrunk.mat using Guid(2f225ce8f2fae4ea3b08c9298a6f25e4) Importer(815301076,1909f56bfc062723c751e8b465ee728b)  -> (artifact id: '59167bb3335588b746f4cdc3ce27299f') in 0.067231 seconds 
Number of asset objects unloaded after import = 1
========================================================================
Received Import Request.
  Time since last request: 588.995950 seconds.
  path: Assets/RPG Monster DUO PBR Polyart/Prefabs/PBRDefault/TurtleShellPBR.prefab
  artifactKey: Guid(e2aafa8770d34a9591b41bedf4e318ba) Importer(815301076,1909f56bfc062723c751e8b465ee728b)
Number of updated assets reloaded before import = 0
Start importing Assets/RPG Monster DUO PBR Polyart/Prefabs/PBRDefault/TurtleShellPBR.prefab using Guid(e2aafa8770d34a9591b41bedf4e318ba) Importer(815301076,1909f56bfc062723c751e8b465ee728b)  -> (artifact id: '57faeea47f9bb176ec65e55eca898f89') in 0.207136 seconds 
Number of asset objects unloaded after import = 131
========================================================================
Received Import Request.
  Time since last request: 25595.204791 seconds.
  path: Assets/LeatherTrunk/Prefabs/LeatherTrunk_Sticker.prefab
  artifactKey: Guid(da659b8585ebbcb45b529b8885f2e493) Importer(815301076,1909f56bfc062723c751e8b465ee728b)
Number of updated assets reloaded before import = 0
Start importing Assets/LeatherTrunk/Prefabs/LeatherTrunk_Sticker.prefab using Guid(da659b8585ebbcb45b529b8885f2e493) Importer(815301076,1909f56bfc062723c751e8b465ee728b)  -> (artifact id: '98b59ae9cf4c8a326610c69cd474fc6d') in 0.109508 seconds 
Number of asset objects unloaded after import = 52
========================================================================
Received Import Request.
  Time since last request: 4.864072 seconds.
  path: Assets/LeatherTrunk/Materials/M_LeatherTrunk_Sticker.mat
  artifactKey: Guid(bdf94c2a7838d344282d297a2bcdfbfa) Importer(815301076,1909f56bfc062723c751e8b465ee728b)
Number of updated assets reloaded before import = 0
Start importing Assets/LeatherTrunk/Materials/M_LeatherTrunk_Sticker.mat using Guid(bdf94c2a7838d344282d297a2bcdfbfa) Importer(815301076,1909f56bfc062723c751e8b465ee728b)  -> (artifact id: '8e210173f115755fa851b5599022901b') in 0.042528 seconds 
Number of asset objects unloaded after import = 4
========================================================================
Received Import Request.
  Time since last request: 31.708367 seconds.
  path: Assets/LeatherTrunk/Textures/T_LeatherTrunk_N.tga
  artifactKey: Guid(10bc87645bfc5184d9bd9f2cc6c0748f) Importer(815301076,1909f56bfc062723c751e8b465ee728b)
Number of updated assets reloaded before import = 0
Start importing Assets/LeatherTrunk/Textures/T_LeatherTrunk_N.tga using Guid(10bc87645bfc5184d9bd9f2cc6c0748f) Importer(815301076,1909f56bfc062723c751e8b465ee728b)  -> (artifact id: '53b886c5adb4d0378154f01d1aa6c31b') in 0.111617 seconds 
Number of asset objects unloaded after import = 2
========================================================================
Received Import Request.
  Time since last request: 0.000069 seconds.
  path: Assets/LeatherTrunk/Textures/T_LeatherTrunk_Sticker_ORM.tga
  artifactKey: Guid(51e25296a3d4f324c9e692d3c1922fd7) Importer(815301076,1909f56bfc062723c751e8b465ee728b)
Number of updated assets reloaded before import = 0
Start importing Assets/LeatherTrunk/Textures/T_LeatherTrunk_Sticker_ORM.tga using Guid(51e25296a3d4f324c9e692d3c1922fd7) Importer(815301076,1909f56bfc062723c751e8b465ee728b)  -> (artifact id: '84a78754026502ac2d44e31613989fe1') in 0.041323 seconds 
Number of asset objects unloaded after import = 2
Editor requested this worker to shutdown with reason: Scaling down because of idle timeout
AssetImportWorkerClient::OnTransportError - code=2 error=End of file
AssetImportWorker is now disconnected from the server
Process exiting
Exiting without the bug reporter. Application will terminate with return code 0